<?xml version="1.0" encoding="UTF-8"?>
<!-- Generated by org.testng.reporters.JUnitReportReporter -->
<testsuite hostname="Lilith-PC" name="tests.E2ETets" tests="6" failures="0" timestamp="20 Jun 2019 18:29:04 GMT" time="16.356" errors="0">
  <testcase name="checkCookieForm" time="0.208" classname="tests.E2ETets"/>
  <testcase name="verifyFooterLinks" time="5.290" classname="tests.E2ETets"/>
  <testcase name="acceptCookie" time="5.280" classname="tests.E2ETets"/>
  <testcase name="sendEmail" time="4.499" classname="tests.E2ETets"/>
  <testcase name="checkCookieFormButtons" time="0.915" classname="tests.E2ETets"/>
  <testcase name="checkCookieFormText" time="0.164" classname="tests.E2ETets"/>
</testsuite> <!-- tests.E2ETets -->
